<?xml version="1.0" encoding="UTF-8"?>
<!-- Generated by org.testng.reporters.JUnitXMLReporter -->
<testsuite ignored="0" hostname="LearningMatters" failures="0" tests="7" name="Default test" time="27.469" errors="0" timestamp="2026-03-09T18:04:03 IST">
  <testcase classname="appiumLearning.appium.Configuration" name="@BeforeTest __launchAppiumServer" time="27.33">
    <failure type="org.openqa.selenium.SessionNotCreatedException" message="Could not start a new session. Response code 500. Message: An unknown server-side error occurred while processing the command. Original error: Could not find a connected Android device in 20000ms 
Host info: host: &amp;apos;LEARNINGMATTERS&amp;apos;, ip: &amp;apos;172.168.211.191&amp;apos;
Build info: version: &amp;apos;4.41.0&amp;apos;, revision: &amp;apos;9fc754f&amp;apos;
System info: os.name: &amp;apos;Windows 11&amp;apos;, os.arch: &amp;apos;amd64&amp;apos;, os.version: &amp;apos;10.0&amp;apos;, java.version: &amp;apos;17.0.11&amp;apos;
Driver info: io.appium.java_client.android.AndroidDriver
Command: [null, newSession {capabilities=[Capabilities {appium:app: D:\Appium_learning\appium\s..., appium:automationName: UIAutomator2, appium:chromedriverExecutable: D:\Apps\chromedriver-win32\..., appium:deviceName: silambuPhone, platformName: ANDROID}]}]
Capabilities {appium:app: D:\Appium_learning\appium\s..., appium:automationName: UIAutomator2, appium:chromedriverExecutable: D:\Apps\chromedriver-win32\..., appium:deviceName: silambuPhone, platformName: ANDROID}">
      <![CDATA[org.openqa.selenium.SessionNotCreatedException: Could not start a new session. Response code 500. Message: An unknown server-side error occurred while processing the command. Original error: Could not find a connected Android device in 20000ms 
Host info: host: 'LEARNINGMATTERS', ip: '172.168.211.191'
Build info: version: '4.41.0', revision: '9fc754f'
System info: os.name: 'Windows 11', os.arch: 'amd64', os.version: '10.0', java.version: '17.0.11'
Driver info: io.appium.java_client.android.AndroidDriver
Command: [null, newSession {capabilities=[Capabilities {appium:app: D:\Appium_learning\appium\s..., appium:automationName: UIAutomator2, appium:chromedriverExecutable: D:\Apps\chromedriver-win32\..., appium:deviceName: silambuPhone, platformName: ANDROID}]}]
Capabilities {appium:app: D:\Appium_learning\appium\s..., appium:automationName: UIAutomator2, appium:chromedriverExecutable: D:\Apps\chromedriver-win32\..., appium:deviceName: silambuPhone, platformName: ANDROID}
at org.openqa.selenium.remote.ProtocolHandshake.createSession(ProtocolHandshake.java:114)
at org.openqa.selenium.remote.ProtocolHandshake.createSession(ProtocolHandshake.java:75)
at org.openqa.selenium.remote.ProtocolHandshake.createSession(ProtocolHandshake.java:61)
at io.appium.java_client.remote.AppiumCommandExecutor.createSession(AppiumCommandExecutor.java:178)
at io.appium.java_client.remote.AppiumCommandExecutor.execute(AppiumCommandExecutor.java:243)
at org.openqa.selenium.remote.RemoteWebDriver.execute(RemoteWebDriver.java:604)
at io.appium.java_client.AppiumDriver.startSession(AppiumDriver.java:308)
at org.openqa.selenium.remote.RemoteWebDriver.<init>(RemoteWebDriver.java:211)
at org.openqa.selenium.remote.RemoteWebDriver.<init>(RemoteWebDriver.java:197)
at io.appium.java_client.AppiumDriver.<init>(AppiumDriver.java:98)
at io.appium.java_client.AppiumDriver.<init>(AppiumDriver.java:109)
at io.appium.java_client.android.AndroidDriver.<init>(AndroidDriver.java:108)
at appiumLearning.appium.Configuration.__launchAppiumServer(Configuration.java:46)
at java.base/jdk.internal.reflect.NativeMethodAccessorImpl.invoke0(Native Method)
at java.base/jdk.internal.reflect.NativeMethodAccessorImpl.invoke(NativeMethodAccessorImpl.java:77)
at java.base/jdk.internal.reflect.DelegatingMethodAccessorImpl.invoke(DelegatingMethodAccessorImpl.java:43)
at java.base/java.lang.reflect.Method.invoke(Method.java:568)
at org.testng.internal.invokers.MethodInvocationHelper.invokeMethod(MethodInvocationHelper.java:141)
at org.testng.internal.invokers.MethodInvocationHelper.invokeMethodConsideringTimeout(MethodInvocationHelper.java:71)
at org.testng.internal.invokers.ConfigInvoker.invokeConfigurationMethod(ConfigInvoker.java:400)
at org.testng.internal.invokers.ConfigInvoker.invokeConfigurations(ConfigInvoker.java:333)
at org.testng.TestRunner.invokeTestConfigurations(TestRunner.java:657)
at org.testng.TestRunner.beforeRun(TestRunner.java:646)
at org.testng.TestRunner.run(TestRunner.java:612)
at org.testng.SuiteRunner.runTest(SuiteRunner.java:421)
at org.testng.SuiteRunner.runSequentially(SuiteRunner.java:413)
at org.testng.SuiteRunner.privateRun(SuiteRunner.java:373)
at org.testng.SuiteRunner.run(SuiteRunner.java:312)
at org.testng.SuiteRunnerWorker.runSuite(SuiteRunnerWorker.java:52)
at org.testng.SuiteRunnerWorker.run(SuiteRunnerWorker.java:95)
at org.testng.TestNG.runSuitesSequentially(TestNG.java:1274)
at org.testng.TestNG.runSuitesLocally(TestNG.java:1208)
at org.testng.TestNG.runSuites(TestNG.java:1112)
at org.testng.TestNG.run(TestNG.java:1079)
at org.testng.remote.AbstractRemoteTestNG.run(AbstractRemoteTestNG.java:115)
at org.testng.remote.RemoteTestNG.initAndRun(RemoteTestNG.java:293)
at org.testng.remote.RemoteTestNG.main(RemoteTestNG.java:91)
]]>
    </failure>
  </testcase> <!-- @BeforeTest __launchAppiumServer -->
  <testcase classname="appiumLearning.appium.FirstTestCase" name="@BeforeMethod beforementod" time="0.0">
    <skipped/>
  </testcase> <!-- @BeforeMethod beforementod -->
  <testcase classname="appiumLearning.appium.FirstTestCase" name="@BeforeMethod beforementod" time="0.0">
    <skipped/>
  </testcase> <!-- @BeforeMethod beforementod -->
  <testcase classname="appiumLearning.appium.FirstTestCase" name="@BeforeMethod beforementod" time="0.0">
    <skipped/>
  </testcase> <!-- @BeforeMethod beforementod -->
  <testcase classname="appiumLearning.appium.FirstTestCase" name="@BeforeMethod beforementod" time="0.0">
    <skipped/>
  </testcase> <!-- @BeforeMethod beforementod -->
  <testcase classname="appiumLearning.appium.FirstTestCase" name="@BeforeMethod beforementod" time="0.0">
    <skipped/>
  </testcase> <!-- @BeforeMethod beforementod -->
  <testcase classname="appiumLearning.appium.FirstTestCase" name="@BeforeMethod beforementod" time="0.0">
    <skipped/>
  </testcase> <!-- @BeforeMethod beforementod -->
  <testcase classname="appiumLearning.appium.FirstTestCase" name="@BeforeMethod beforementod" time="0.0">
    <skipped/>
  </testcase> <!-- @BeforeMethod beforementod -->
  <testcase classname="appiumLearning.appium.Configuration" name="@AfterTest __closeAppiumServer" time="0.0">
    <skipped/>
  </testcase> <!-- @AfterTest __closeAppiumServer -->
  <testcase classname="appiumLearning.appium.FirstTestCase" name="appiumFirstCode" time="0.0">
    <skipped/>
  </testcase> <!-- appiumFirstCode -->
  <testcase classname="appiumLearning.appium.FirstTestCase" name="phoneNumberValidation" time="0.0">
    <skipped/>
  </testcase> <!-- phoneNumberValidation -->
  <testcase classname="appiumLearning.appium.FirstTestCase" name="phoneNumberValidation" time="0.0">
    <skipped/>
  </testcase> <!-- phoneNumberValidation -->
  <testcase classname="appiumLearning.appium.FirstTestCase" name="phoneNumberValidation" time="0.0">
    <skipped/>
  </testcase> <!-- phoneNumberValidation -->
  <testcase classname="appiumLearning.appium.FirstTestCase" name="phoneNumberValidation" time="0.0">
    <skipped/>
  </testcase> <!-- phoneNumberValidation -->
  <testcase classname="appiumLearning.appium.FirstTestCase" name="phoneNumberValidation" time="0.0">
    <skipped/>
  </testcase> <!-- phoneNumberValidation -->
  <testcase classname="appiumLearning.appium.FirstTestCase" name="phoneNumberValidation" time="0.0">
    <skipped/>
  </testcase> <!-- phoneNumberValidation -->
</testsuite> <!-- Default test -->
