<?xml version="1.0" encoding="UTF-8"?>
<!-- Generated by org.testng.reporters.JUnitXMLReporter -->
<testsuite ignored="0" hostname="LearningMatters" failures="0" tests="7" name="Test" time="128.775" errors="0" timestamp="2026-03-09T01:27:20 GMT-07:00">
  <testcase classname="appiumLearning.appium.FirstTestCase" name="appiumFirstCode" time="28.375"/>
  <testcase classname="appiumLearning.appium.FirstTestCase" name="phoneNumberValidation" time="8.16"/>
  <testcase classname="appiumLearning.appium.FirstTestCase" name="phoneNumberValidation" time="7.513"/>
  <testcase classname="appiumLearning.appium.FirstTestCase" name="phoneNumberValidation" time="7.707"/>
  <testcase classname="appiumLearning.appium.FirstTestCase" name="phoneNumberValidation" time="7.668"/>
  <testcase classname="appiumLearning.appium.FirstTestCase" name="phoneNumberValidation" time="7.798"/>
  <testcase classname="appiumLearning.appium.FirstTestCase" name="phoneNumberValidation" time="7.691"/>
</testsuite> <!-- Test -->
