<?xml version="1.0" encoding="UTF-8"?>
<!-- Generated by org.testng.reporters.JUnitReportReporter -->
<testsuite hostname="LearningMatters" failures="0" tests="8" name="appiumLearning.appium.FirstTestCase" time="27.330" errors="1" timestamp="2026-03-09T18:04:03 IST" skipped="7">
  <testcase classname="appiumLearning.appium.FirstTestCase" name="appiumFirstCode" time="0.000">
    <skipped/>
  </testcase> <!-- appiumFirstCode -->
  <testcase classname="appiumLearning.appium.FirstTestCase" name="phoneNumberValidation" time="0.000">
    <skipped/>
  </testcase> <!-- phoneNumberValidation -->
  <testcase classname="appiumLearning.appium.FirstTestCase" name="phoneNumberValidation" time="0.000">
    <skipped/>
  </testcase> <!-- phoneNumberValidation -->
  <testcase classname="appiumLearning.appium.FirstTestCase" name="phoneNumberValidation" time="0.000">
    <skipped/>
  </testcase> <!-- phoneNumberValidation -->
  <testcase classname="appiumLearning.appium.FirstTestCase" name="phoneNumberValidation" time="0.000">
    <skipped/>
  </testcase> <!-- phoneNumberValidation -->
  <testcase classname="appiumLearning.appium.FirstTestCase" name="phoneNumberValidation" time="0.000">
    <skipped/>
  </testcase> <!-- phoneNumberValidation -->
  <testcase classname="appiumLearning.appium.FirstTestCase" name="__launchAppiumServer" time="27.330">
    <error message="Could not start a new session. Response code 500. Message: An unknown server-side error occurred while processing the command. Original error: Could not find a connected Android device in 20000ms 
Host info: host: &#039;LEARNINGMATTERS&#039;, ip: &#039;172.168.211.191&#039;
Build info: version: &#039;4.41.0&#039;, revision: &#039;9fc754f&#039;
System info: os.name: &#039;Windows 11&#039;, os.arch: &#039;amd64&#039;, os.version: &#039;10.0&#039;, java.version: &#039;17.0.11&#039;
Driver info: io.appium.java_client.android.AndroidDriver
Command: [null, newSession {capabilities=[Capabilities {appium:app: D:\Appium_learning\appium\s..., appium:automationName: UIAutomator2, appium:chromedriverExecutable: D:\Apps\chromedriver-win32\..., appium:deviceName: silambuPhone, platformName: ANDROID}]}]
Capabilities {appium:app: D:\Appium_learning\appium\s..., appium:automationName: UIAutomator2, appium:chromedriverExecutable: D:\Apps\chromedriver-win32\..., appium:deviceName: silambuPhone, platformName: ANDROID}" type="org.openqa.selenium.SessionNotCreatedException">
      <![CDATA[org.openqa.selenium.SessionNotCreatedException: Could not start a new session. Response code 500. Message: An unknown server-side error occurred while processing the command. Original error: Could not find a connected Android device in 20000ms 
Host info: host: 'LEARNINGMATTERS', ip: '172.168.211.191'
Build info: version: '4.41.0', revision: '9fc754f'
System info: os.name: 'Windows 11', os.arch: 'amd64', os.version: '10.0', java.version: '17.0.11'
Driver info: io.appium.java_client.android.AndroidDriver
Command: [null, newSession {capabilities=[Capabilities {appium:app: D:\Appium_learning\appium\s..., appium:automationName: UIAutomator2, appium:chromedriverExecutable: D:\Apps\chromedriver-win32\..., appium:deviceName: silambuPhone, platformName: ANDROID}]}]
Capabilities {appium:app: D:\Appium_learning\appium\s..., appium:automationName: UIAutomator2, appium:chromedriverExecutable: D:\Apps\chromedriver-win32\..., appium:deviceName: silambuPhone, platformName: ANDROID}
at org.openqa.selenium.remote.ProtocolHandshake.createSession(ProtocolHandshake.java:114)
at org.openqa.selenium.remote.ProtocolHandshake.createSession(ProtocolHandshake.java:75)
at org.openqa.selenium.remote.ProtocolHandshake.createSession(ProtocolHandshake.java:61)
at io.appium.java_client.remote.AppiumCommandExecutor.createSession(AppiumCommandExecutor.java:178)
at io.appium.java_client.remote.AppiumCommandExecutor.execute(AppiumCommandExecutor.java:243)
at org.openqa.selenium.remote.RemoteWebDriver.execute(RemoteWebDriver.java:604)
at io.appium.java_client.AppiumDriver.startSession(AppiumDriver.java:308)
at org.openqa.selenium.remote.RemoteWebDriver.<init>(RemoteWebDriver.java:211)
at org.openqa.selenium.remote.RemoteWebDriver.<init>(RemoteWebDriver.java:197)
at io.appium.java_client.AppiumDriver.<init>(AppiumDriver.java:98)
at io.appium.java_client.AppiumDriver.<init>(AppiumDriver.java:109)
at io.appium.java_client.android.AndroidDriver.<init>(AndroidDriver.java:108)
at appiumLearning.appium.Configuration.__launchAppiumServer(Configuration.java:46)
at java.base/jdk.internal.reflect.NativeMethodAccessorImpl.invoke0(Native Method)
at java.base/jdk.internal.reflect.NativeMethodAccessorImpl.invoke(NativeMethodAccessorImpl.java:77)
at java.base/jdk.internal.reflect.DelegatingMethodAccessorImpl.invoke(DelegatingMethodAccessorImpl.java:43)
at java.base/java.lang.reflect.Method.invoke(Method.java:568)
at org.testng.internal.invokers.MethodInvocationHelper.invokeMethod(MethodInvocationHelper.java:141)
at org.testng.internal.invokers.MethodInvocationHelper.invokeMethodConsideringTimeout(MethodInvocationHelper.java:71)
at org.testng.internal.invokers.ConfigInvoker.invokeConfigurationMethod(ConfigInvoker.java:400)
at org.testng.internal.invokers.ConfigInvoker.invokeConfigurations(ConfigInvoker.java:333)
at org.testng.TestRunner.invokeTestConfigurations(TestRunner.java:657)
at org.testng.TestRunner.beforeRun(TestRunner.java:646)
at org.testng.TestRunner.run(TestRunner.java:612)
at org.testng.SuiteRunner.runTest(SuiteRunner.java:421)
at org.testng.SuiteRunner.runSequentially(SuiteRunner.java:413)
at org.testng.SuiteRunner.privateRun(SuiteRunner.java:373)
at org.testng.SuiteRunner.run(SuiteRunner.java:312)
at org.testng.SuiteRunnerWorker.runSuite(SuiteRunnerWorker.java:52)
at org.testng.SuiteRunnerWorker.run(SuiteRunnerWorker.java:95)
at org.testng.TestNG.runSuitesSequentially(TestNG.java:1274)
at org.testng.TestNG.runSuitesLocally(TestNG.java:1208)
at org.testng.TestNG.runSuites(TestNG.java:1112)
at org.testng.TestNG.run(TestNG.java:1079)
at org.testng.remote.AbstractRemoteTestNG.run(AbstractRemoteTestNG.java:115)
at org.testng.remote.RemoteTestNG.initAndRun(RemoteTestNG.java:293)
at org.testng.remote.RemoteTestNG.main(RemoteTestNG.java:91)
]]>
    </error>
  </testcase> <!-- __launchAppiumServer -->
  <testcase classname="appiumLearning.appium.FirstTestCase" name="phoneNumberValidation" time="0.000">
    <skipped/>
  </testcase> <!-- phoneNumberValidation -->
</testsuite> <!-- appiumLearning.appium.FirstTestCase -->
